{
  service: 'nodejs-service',
  level: 'error',
  message: '[ERROR-HANDLER] [object Object]',
  label: 'node-js',
  timestamp: 'Fri, 02 Jul 2021 16:37:06 GMT'
}
{
  service: 'nodejs-service',
  level: 'error',
  message: '[ERROR-HANDLER] {"message":"invalid prams","params":{}}',
  label: 'node-js',
  timestamp: 'Fri, 02 Jul 2021 16:37:32 GMT'
}
{
  service: 'nodejs-service',
  level: 'error',
  message: '[ERROR-HANDLER] {"message":"invalid prams","params":{"words":"2"}}',
  label: 'node-js',
  timestamp: 'Fri, 02 Jul 2021 16:37:59 GMT'
}
{
  service: 'nodejs-service',
  level: 'error',
  message: '[ERROR-HANDLER] {"message":"invalid or missing params","params":{"words":"2","paragraphs":"1c"}}',
  label: 'node-js',
  timestamp: 'Fri, 02 Jul 2021 16:38:21 GMT'
}
{
  service: 'nodejs-service',
  level: 'error',
  message: '[ERROR-HANDLER] {"message":"invalid or missing params","params":{"words":"2","paragraphs":"1x"}}',
  label: 'node-js',
  timestamp: 'Fri, 02 Jul 2021 16:40:25 GMT'
}
{
  service: 'nodejs-service',
  level: 'error',
  message: '[ERROR-HANDLER] {"message":"invalid or missing params","params":{"words":"2"}}',
  label: 'node-js',
  timestamp: 'Fri, 02 Jul 2021 16:40:32 GMT'
}
{
  service: 'nodejs-service',
  level: 'error',
  message: '[ERROR-HANDLER] ReferenceError: json is not defined',
  label: 'node-js',
  timestamp: 'Fri, 02 Jul 2021 16:48:33 GMT'
}
{
  service: 'nodejs-service',
  level: 'error',
  message: '[ERROR-HANDLER] Error: {"fetchError":{}}',
  label: 'node-js',
  timestamp: 'Fri, 02 Jul 2021 16:48:56 GMT'
}
{
  service: 'nodejs-service',
  level: 'error',
  message: '[ERROR-HANDLER] Error: {"fetchError":{}}',
  label: 'node-js',
  timestamp: 'Fri, 02 Jul 2021 16:49:54 GMT'
}
{
  service: 'nodejs-service',
  level: 'error',
  message: '[ERROR-HANDLER] {"fetchError":{}}',
  label: 'node-js',
  timestamp: 'Fri, 02 Jul 2021 16:50:53 GMT'
}
{
  service: 'nodejs-service',
  level: 'error',
  message: '[ERROR-HANDLER] TypeError: Request with GET/HEAD method cannot have body',
  label: 'node-js',
  timestamp: 'Fri, 02 Jul 2021 16:51:21 GMT'
}
{
  service: 'nodejs-service',
  level: 'error',
  message: '[ERROR-HANDLER] TypeError: Request with GET/HEAD method cannot have body',
  label: 'node-js',
  timestamp: 'Fri, 02 Jul 2021 16:53:53 GMT'
}
{
  service: 'nodejs-service',
  level: 'error',
  message: '[ERROR-HANDLER] TypeError: response.json is not a function',
  label: 'node-js',
  timestamp: 'Fri, 02 Jul 2021 16:54:10 GMT'
}
{
  service: 'nodejs-service',
  level: 'error',
  message: '[ERROR-HANDLER] {"message":"invalid or missing params","params":{}}',
  label: 'node-js',
  timestamp: 'Fri, 02 Jul 2021 17:01:29 GMT'
}
{
  service: 'nodejs-service',
  level: 'error',
  message: '[ERROR-HANDLER] {"message":"invalid or missing params","params":{}}',
  label: 'node-js',
  timestamp: 'Fri, 02 Jul 2021 17:14:21 GMT'
}
{
  service: 'nodejs-service',
  level: 'error',
  message: '[ERROR-HANDLER] {"message":"invalid or missing params","params":{}}',
  label: 'node-js',
  timestamp: 'Fri, 02 Jul 2021 17:14:49 GMT'
}
{
  service: 'nodejs-service',
  level: 'error',
  message: '[ERROR-HANDLER] {"message":"invalid or missing params","params":{}}',
  label: 'node-js',
  timestamp: 'Fri, 02 Jul 2021 17:14:49 GMT'
}
{
  service: 'nodejs-service',
  level: 'error',
  message: '[ERROR-HANDLER] {"message":"invalid or missing params","params":{}}',
  label: 'node-js',
  timestamp: 'Fri, 02 Jul 2021 17:16:12 GMT'
}
{
  service: 'nodejs-service',
  level: 'error',
  message: '[ERROR-HANDLER] {"message":"invalid or missing params","params":{}}',
  label: 'node-js',
  timestamp: 'Fri, 02 Jul 2021 17:16:12 GMT'
}
{
  service: 'nodejs-service',
  level: 'error',
  message: '[ERROR-HANDLER] {"message":"invalid or missing params","params":{}}',
  label: 'node-js',
  timestamp: 'Fri, 02 Jul 2021 17:18:24 GMT'
}
{
  service: 'nodejs-service',
  level: 'error',
  message: '[ERROR-HANDLER] {"message":"invalid or missing params","params":{}}',
  label: 'node-js',
  timestamp: 'Fri, 02 Jul 2021 17:19:12 GMT'
}
{
  service: 'nodejs-service',
  level: 'error',
  message: '[ERROR-HANDLER] {"message":"invalid or missing params","params":{}}',
  label: 'node-js',
  timestamp: 'Fri, 02 Jul 2021 17:20:44 GMT'
}
{
  service: 'nodejs-service',
  level: 'error',
  message: '[ERROR-HANDLER] {"message":"invalid or missing params","params":{}}',
  label: 'node-js',
  timestamp: 'Fri, 02 Jul 2021 17:20:44 GMT'
}
{
  service: 'nodejs-service',
  level: 'error',
  message: '[ERROR-HANDLER] {"message":"invalid or missing params","params":{}}',
  label: 'node-js',
  timestamp: 'Fri, 02 Jul 2021 17:20:47 GMT'
}
{
  service: 'nodejs-service',
  level: 'error',
  message: '[ERROR-HANDLER] {"message":"invalid or missing params","params":{}}',
  label: 'node-js',
  timestamp: 'Fri, 02 Jul 2021 17:20:47 GMT'
}
{
  service: 'nodejs-service',
  level: 'error',
  message: '[ERROR-HANDLER] {"message":"invalid or missing params","params":{}}',
  label: 'node-js',
  timestamp: 'Fri, 02 Jul 2021 17:21:57 GMT'
}
{
  service: 'nodejs-service',
  level: 'error',
  message: '[ERROR-HANDLER] {"message":"invalid or missing params","params":{}}',
  label: 'node-js',
  timestamp: 'Fri, 02 Jul 2021 17:21:57 GMT'
}
{
  service: 'nodejs-service',
  level: 'error',
  message: '[ERROR-HANDLER] {"message":"invalid or missing params","params":{}}',
  label: 'node-js',
  timestamp: 'Fri, 02 Jul 2021 17:27:14 GMT'
}
{
  service: 'nodejs-service',
  level: 'error',
  message: '[ERROR-HANDLER] {"message":"invalid or missing params","params":{}}',
  label: 'node-js',
  timestamp: 'Fri, 02 Jul 2021 17:28:06 GMT'
}
{
  service: 'nodejs-service',
  level: 'error',
  message: '[ERROR-HANDLER] {"message":"invalid or missing params","params":{}}',
  label: 'node-js',
  timestamp: 'Fri, 02 Jul 2021 17:28:48 GMT'
}
{
  service: 'nodejs-service',
  level: 'error',
  message: '[ERROR-HANDLER] {"message":"invalid or missing params","params":{}}',
  label: 'node-js',
  timestamp: 'Fri, 02 Jul 2021 17:29:22 GMT'
}
{
  service: 'nodejs-service',
  level: 'error',
  message: '[ERROR-HANDLER] {"message":"invalid or missing params","params":{}}',
  label: 'node-js',
  timestamp: 'Fri, 02 Jul 2021 17:31:03 GMT'
}
{
  service: 'nodejs-service',
  level: 'error',
  message: '[ERROR-HANDLER] {"message":"invalid or missing params","params":{}}',
  label: 'node-js',
  timestamp: 'Fri, 02 Jul 2021 17:31:32 GMT'
}
